    
    PID    PPID %CPU %MEM
   4174    3103  2.9  2.8
   3139    3096  2.5  1.8
   1777    1761  2.0  1.8
   8994    8921  1.5  1.8
   1118    1104  1.4  1.2
    PID    PPID %CPU %MEM
   4174    3103  2.9  2.8
   3139    3096  2.5  1.8
   1777    1761  2.0  1.8
  10057    1777  1.8  0.6
   8994    8921  1.8  1.8
    PID    PPID %CPU %MEM
   4174    3103  2.9  2.8
   3139    3096  2.5  1.8
   1777    1761  2.0  1.8
   8994    8921  1.8  1.8
   3698    3616  1.4  3.6
    PID    PPID %CPU %MEM
   4174    3103  2.9  2.8
   3139    3096  2.5  1.8
   1777    1761  2.0  1.8
   8994    8921  1.7  1.8
   3698    3616  1.4  3.7
    PID    PPID %CPU %MEM
   4174    3103  2.9  2.8
   3139    3096  2.5  1.8
   1777    1761  2.0  1.8
   8994    8921  1.7  1.8
   3698    3616  1.4  3.6
    PID    PPID %CPU %MEM
   4174    3103  2.9  2.8
   3139    3096  2.5  1.8
   1777    1761  2.0  1.8
   8994    8921  1.7  1.8
   3698    3616  1.4  3.6
    PID    PPID %CPU %MEM
   4174    3103  2.8  2.8
   3139    3096  2.5  1.8
   1777    1761  2.0  1.8
   8994    8921  1.8  1.8
   3698    3616  1.4  3.6
    PID    PPID %CPU %MEM
   4174    3103  2.8  2.8
   3139    3096  2.5  1.8
   1777    1761  2.0  1.8
   8994    8921  1.8  1.9
   3698    3616  1.4  3.6
    PID    PPID %CPU %MEM
   4174    3103  2.8  2.8
   3139    3096  2.5  1.8
   1777    1761  2.0  1.8
   8994    8921  1.8  1.8
   3698    3616  1.4  3.6
    PID    PPID %CPU %MEM
  10345   10343 43.7  0.7
   4174    3103  2.8  2.8
   3139    3096  2.4  1.8
   1777    1761  2.0  1.8
   8994    8921  1.8  1.8
    PID    PPID %CPU %MEM
   4174    3103  2.9  2.8
   3139    3096  2.4  1.8
  10855       1  2.2  0.2
   1777    1761  2.0  1.8
   8994    8921  1.8  1.8
    PID    PPID %CPU %MEM
   4174    3103  2.9  2.7
   3139    3096  2.4  1.8
   1777    1761  2.0  1.8
   8994    8921  1.8  1.8
   3698    3616  1.4  3.5
    PID    PPID %CPU %MEM
   4174    3103  3.0  2.7
   3139    3096  2.5  1.8
   1777    1761  2.0  1.8
   8994    8921  1.7  1.8
   3698    3616  1.4  3.5
Listing the top 5 processes

    PID    PPID %CPU %MEM
   4174    3103  3.1  2.8
   3139    3096  2.4  1.8
   1777    1761  2.0  1.8
   8994    8921  1.8  1.8
   3698    3616  1.4  3.5
Timestamp of Log File
Log file created on 2025-01-21 14:49:01
------------------------------------
Listing the top 5 processes

    PID    PPID %CPU %MEM
   4174    3103  3.1  2.8
   3139    3096  2.4  1.8
   1777    1761  2.0  1.8
   8994    8921  1.8  1.8
   3698    3616  1.4  3.5
Timestamp of Log File
Log file created on 2025-01-21 14:49:05
------------------------------------
Listing the top 5 processes

    PID    PPID %CPU %MEM
   4174    3103  3.1  2.8
   3139    3096  2.4  1.8
   1777    1761  2.0  1.8
   8994    8921  1.7  1.9
   3698    3616  1.4  3.5
Timestamp of Log File
Log file created on 2025-01-21 14:50:01
------------------------------------
Listing the top 5 processes

    PID    PPID %CPU %MEM
   4174    3103  3.0  2.8
   3139    3096  2.4  1.8
   1777    1761  2.0  1.8
   8994    8921  1.7  1.8
   3698    3616  1.4  3.5
Timestamp of Log File
Log file created on 2025-01-21 14:51:01
------------------------------------
Listing the top 5 processes

    PID    PPID %CPU %MEM
  11083    3103  3.4  1.4
   4174    3103  3.0  2.8
   3139    3096  2.4  1.8
   1777    1761  2.0  1.8
  11063    3103  1.9  1.4
Timestamp of Log File
Log file created on 2025-01-21 14:52:01
------------------------------------
Listing the top 5 processes

    PID    PPID %CPU %MEM
   4174    3103  3.0  2.8
   3139    3096  2.4  1.8
  11083    3103  2.3  1.3
   1777    1761  2.0  1.8
   8994    8921  1.6  1.8
Timestamp of Log File
Log file created on 2025-01-21 14:53:01
------------------------------------
Listing the top 5 processes

    PID    PPID %CPU %MEM
   4174    3103  3.0  2.8
   3139    3096  2.4  1.8
   1777    1761  2.0  1.8
  11083    3103  1.9  1.3
   8994    8921  1.6  1.8
Timestamp of Log File
Log file created on 2025-01-21 14:53:22
------------------------------------
Listing the top 5 processes

    PID    PPID %CPU %MEM
  11142   10057  4.1  0.6
   4174    3103  3.0  2.8
   3139    3096  2.4  1.8
   1777    1761  2.0  1.8
   8994    8921  1.6  1.8
Timestamp of Log File
Log file created on 2025-01-21 14:54:01
------------------------------------
Listing the top 5 processes

    PID    PPID %CPU %MEM
   4174    3103  3.0  2.6
   3139    3096  2.4  1.8
   1777    1761  2.0  1.8
   8994    8921  1.6  1.8
   1118    1104  1.4  1.2
Timestamp of Log File
Log file created on 2025-01-21 14:55:01
------------------------------------
Listing the top 5 processes

    PID    PPID %CPU %MEM
  11245    3103  101  6.4
   4174    3103  3.0  2.6
   3139    3096  2.4  1.8
   1777    1761  2.0  1.8
   3698    3616  1.6  3.6
Timestamp of Log File
Log file created on 2025-01-21 15:00:01
------------------------------------
